<?xml version="1.0" encoding="UTF-8"?>
<!-- Generated by org.testng.reporters.JUnitReportReporter -->
<testsuite hostname="JEENIA" failures="0" tests="4" name="TestLayer.LoginTest" time="38.317" errors="0" timestamp="2022-03-30T17:35:14 GMT-04:00" skipped="0">
  <testcase classname="TestLayer.LoginTest" name="title" time="11.811"/>
  <system-out/>
  <testcase classname="TestLayer.LoginTest" name="Login" time="9.303"/>
  <system-out/>
  <testcase classname="TestLayer.LoginTest" name="Login" time="8.149"/>
  <system-out/>
  <testcase classname="TestLayer.LoginTest" name="Login" time="9.054"/>
  <system-out/>
</testsuite> <!-- TestLayer.LoginTest -->
